+--------------------------------------------------------------------+
|                         Wannier excitons                           |
+--------------------------------------------------------------------+
  Calculation started on 2024/04/24 at 16:18:44

          48          48          48          48          48          48
 Input: [Hamiltionian from file: ./../../DATA/data_excitons/BlackP/Hqpgw_new.h5]
 Input: [Interaction from file: ./../../DATA/data_excitons/BlackP/Vbare_crpa_Felipe.h5]
 Input: [Interaction from file: ./../../DATA/data_excitons/BlackP/W_int_tout.h5]

Time [Reading input] =      137 msc
************************ Exciton eigenstates *************************
      110592           3          48          48          48
 all eigenstates converged!
E(1) =      0.4950591
E(2) =      0.5063786
E(3) =      0.5092899
E(4) =      0.5101634
E(5) =      0.5143830
**********************************************************************

Time [Wannier equation] =       31 min

Time [total] =       31 min
+--------------------------------------------------------------------+
