+--------------------------------------------------------------------+
|                         Wannier excitons                           |
+--------------------------------------------------------------------+
  Calculation started on 2024/04/25 at 13:05:38

          48          48          48          48          48          48
 Input: [Hamiltionian from file: ./../../DATA/data_excitons/BlackP/Hqpgw_new.h5]
 Input: [Interaction from file: ./../../DATA/data_excitons/BlackP/Vbare_crpa_Felipe.h5]
 Input: [Interaction from file: ./../../DATA/data_excitons/BlackP/W_int_tout.h5]

Time [Reading input] =      134 msc
************************ Exciton eigenstates *************************
      110592           3          48          48          48
 all eigenstates converged!
E(1) =      0.5038892
E(2) =      0.5171063
E(3) =      0.5178693
E(4) =      0.5184365
E(5) =      0.5218752
**********************************************************************

Time [Wannier equation] =       34 min

Time [total] =       34 min
+--------------------------------------------------------------------+
