+--------------------------------------------------------------------+
|                         Wannier excitons                           |
+--------------------------------------------------------------------+
  Calculation started on 2024/04/26 at 15:09:20

          60          60          60          60          60          60
 Input: [Hamiltionian from file: ./../../DATA/data_excitons/BlackP/Hqpgw_new.h5]
 Input: [Interaction from file: ./../../DATA/data_excitons/BlackP/Vbare_crpa_Felipe.h5]
 Input: [Interaction from file: ./../../DATA/data_excitons/BlackP/W_int_tout.h5]

Time [Reading input] =      212 msc
************************ Exciton eigenstates *************************
      216000           3          60          60          60
 all eigenstates converged!
E(1) =      0.5108931
E(2) =      0.5216553
E(3) =      0.5222683
E(4) =      0.5232567
E(5) =      0.5250461
**********************************************************************

Time [Wannier equation] =       56 min

Time [total] =       56 min
+--------------------------------------------------------------------+
