+--------------------------------------------------------------------+
|                         Wannier excitons                           |
+--------------------------------------------------------------------+
  Calculation started on 2024/04/25 at 12:18:27

          48          48          48          48          48          48
 Input: [Hamiltionian from file: ./../../DATA/data_excitons/BlackP/Hqpgw_new.h5]
 Input: [Interaction from file: ./../../DATA/data_excitons/BlackP/Vbare_crpa_Felipe.h5]
 Input: [Interaction from file: ./../../DATA/data_excitons/BlackP/W_int_tout.h5]

Time [Reading input] =      136 msc
************************ Exciton eigenstates *************************
      110592           3          48          48          48
 all eigenstates converged!
E(1) =      0.4998155
E(2) =      0.5111800
E(3) =      0.5140528
E(4) =      0.5148675
E(5) =      0.5191926
**********************************************************************

Time [Wannier equation] =       31 min

Time [total] =       31 min
+--------------------------------------------------------------------+
