+--------------------------------------------------------------------+
|                         Wannier excitons                           |
+--------------------------------------------------------------------+
  Calculation started on 2024/04/25 at 15:33:03

          48          48          48          48          48          48
 Input: [Hamiltionian from file: ./../../DATA/data_excitons/BlackP/Hqpgw_new.h5]
 Input: [Interaction from file: ./../../DATA/data_excitons/BlackP/Vbare_crpa_Felipe.h5]
 Input: [Interaction from file: ./../../DATA/data_excitons/BlackP/W_int_tout.h5]

Time [Reading input] =      137 msc
************************ Exciton eigenstates *************************
      110592           3          48          48          48
 all eigenstates converged!
E(1) =      0.5094642
E(2) =      0.5214412
E(3) =      0.5235671
E(4) =      0.5243939
E(5) =      0.5295884
**********************************************************************

Time [Wannier equation] =       37 min

Time [total] =       37 min
+--------------------------------------------------------------------+
