+--------------------------------------------------------------------+
|                         Wannier excitons                           |
+--------------------------------------------------------------------+
  Calculation started on 2024/04/26 at 16:20:43

          60          60          60          60          60          60
 Input: [Hamiltionian from file: ./../../DATA/data_excitons/BlackP/Hqpgw_new.h5]
 Input: [Interaction from file: ./../../DATA/data_excitons/BlackP/Vbare_crpa_Felipe.h5]
 Input: [Interaction from file: ./../../DATA/data_excitons/BlackP/W_int_tout.h5]

Time [Reading input] =      226 msc
************************ Exciton eigenstates *************************
      216000           3          60          60          60
 all eigenstates converged!
E(1) =      0.5327249
E(2) =      0.5439785
E(3) =      0.5441218
E(4) =      0.5457924
E(5) =      0.5472361
**********************************************************************

Time [Wannier equation] =       82 min

Time [total] =       82 min
+--------------------------------------------------------------------+
