+--------------------------------------------------------------------+
|                         Wannier excitons                           |
+--------------------------------------------------------------------+
  Calculation started on 2024/03/12 at 11:10:23

          12          12          12          12          12          12
 Input: [Hamiltionian from file: ./data/BlackP/Hqpgw_new.h5]
 Input: [Interaction from file: ./data/BlackP/Vbare_crpa_Felipe.h5]
 Input: [Interaction from file: ./data/BlackP/W_int_tout.h5]

Time [Reading input] =      236 msc
************************ Exciton eigenstates *************************
        1728           3          12          12          12
 all eigenstates converged!
E(1) =      0.4718041
E(2) =      0.5394063
E(3) =      0.5407155
E(4) =      0.6503330
E(5) =      0.6503332
**********************************************************************

Time [Wannier equation] =        6 sc

Time [total] =        6 sc
+--------------------------------------------------------------------+
