+--------------------------------------------------------------------+
|                         Wannier excitons                           |
+--------------------------------------------------------------------+
  Calculation started on 2024/03/12 at 11:29:56

          16          16          16          16          16          16
 Input: [Hamiltionian from file: ./data/BlackP/Hqpgw_new.h5]
 Input: [Interaction from file: ./data/BlackP/Vbare_crpa_Felipe.h5]
 Input: [Interaction from file: ./data/BlackP/W_int_tout.h5]

Time [Reading input] =      184 msc
************************ Exciton eigenstates *************************
        4096           3          16          16          16
 all eigenstates converged!
E(1) =      0.4786132
E(2) =      0.5184628
E(3) =      0.5242161
E(4) =      0.5767377
E(5) =      0.5767645
**********************************************************************

Time [Wannier equation] =       18 sc

Time [total] =       18 sc
+--------------------------------------------------------------------+
