+--------------------------------------------------------------------+
|                         Wannier excitons                           |
+--------------------------------------------------------------------+
  Calculation started on 2024/03/12 at 11:19:41

          16          16          12          16          16          12
 Input: [Hamiltionian from file: ./data/BlackP/Hqpgw_new.h5]
 Input: [Interaction from file: ./data/BlackP/Vbare_crpa_Felipe.h5]
 Input: [Interaction from file: ./data/BlackP/W_int_tout.h5]

Time [Reading input] =      137 msc
************************ Exciton eigenstates *************************
        3072           3          16          16          12
[WARNING] diagonalize_cg: only 0 out of 5 eigenvectors converged.
 max. residue =   0.51E-06
Only    0 states converged!
E(1) =      0.5065669
E(2) =      0.5708513
E(3) =      0.5708719
E(4) =      0.6009532
E(5) =      0.6015158
**********************************************************************

Time [Wannier equation] =      319 sc

Time [total] =      319 sc
+--------------------------------------------------------------------+
