+--------------------------------------------------------------------+
|                         Wannier excitons                           |
+--------------------------------------------------------------------+
  Calculation started on 2024/03/12 at 11:17:15

          16          16           8          16          16           8
 Input: [Hamiltionian from file: ./data/BlackP/Hqpgw_new.h5]
 Input: [Interaction from file: ./data/BlackP/Vbare_crpa_Felipe.h5]
 Input: [Interaction from file: ./data/BlackP/W_int_tout.h5]

Time [Reading input] =      140 msc
************************ Exciton eigenstates *************************
        2048           3          16          16           8
[WARNING] diagonalize_cg: only 4 out of 5 eigenvectors converged.
 max. residue =   0.14E-09
Only    4 states converged!
E(1) =      0.5061955
E(2) =      0.6040797
E(3) =      0.6043642
E(4) =      0.6534964
E(5) =      0.6537181
**********************************************************************

Time [Wannier equation] =       91 sc

Time [total] =       91 sc
+--------------------------------------------------------------------+
