+--------------------------------------------------------------------+
|                         Wannier excitons                           |
+--------------------------------------------------------------------+
  Calculation started on 2024/03/12 at 11:31:09

          24          24           8          24          24           8
 Input: [Hamiltionian from file: ./data/BlackP/Hqpgw_new.h5]
 Input: [Interaction from file: ./data/BlackP/Vbare_crpa_Felipe.h5]
 Input: [Interaction from file: ./data/BlackP/W_int_tout.h5]

Time [Reading input] =      142 msc
************************ Exciton eigenstates *************************
        4608           3          24          24           8
 all eigenstates converged!
E(1) =      0.5063420
E(2) =      0.5486864
E(3) =      0.5487447
E(4) =      0.6210363
E(5) =      0.6211213
**********************************************************************

Time [Wannier equation] =        8 sc

Time [total] =        8 sc
+--------------------------------------------------------------------+
