+--------------------------------------------------------------------+
|                         Wannier excitons                           |
+--------------------------------------------------------------------+
  Calculation started on 2024/03/12 at 11:51:27

          24          24          16          24          24          16
 Input: [Hamiltionian from file: ./data/BlackP/Hqpgw_new.h5]
 Input: [Interaction from file: ./data/BlackP/Vbare_crpa_Felipe.h5]
 Input: [Interaction from file: ./data/BlackP/W_int_tout.h5]

Time [Reading input] =      143 msc
************************ Exciton eigenstates *************************
        9216           3          24          24          16
 all eigenstates converged!
E(1) =      0.5065272
E(2) =      0.5422462
E(3) =      0.5422588
E(4) =      0.5488036
E(5) =      0.5488714
**********************************************************************

Time [Wannier equation] =       12 sc

Time [total] =       13 sc
+--------------------------------------------------------------------+
