+--------------------------------------------------------------------+
|                         Wannier excitons                           |
+--------------------------------------------------------------------+
  Calculation started on 2024/03/12 at 11:58:02

          24          24          24          24          24          24
 Input: [Hamiltionian from file: ./data/BlackP/Hqpgw_new.h5]
 Input: [Interaction from file: ./data/BlackP/Vbare_crpa_Felipe.h5]
 Input: [Interaction from file: ./data/BlackP/W_int_tout.h5]

Time [Reading input] =      151 msc
************************ Exciton eigenstates *************************
       13824           3          24          24          24
 all eigenstates converged!
E(1) =      0.4853887
E(2) =      0.5096741
E(3) =      0.5140366
E(4) =      0.5281203
E(5) =      0.5281549
**********************************************************************

Time [Wannier equation] =       79 sc

Time [total] =       79 sc
+--------------------------------------------------------------------+
