+--------------------------------------------------------------------+
|                         Wannier excitons                           |
+--------------------------------------------------------------------+
  Calculation started on 2024/03/12 at 13:05:39

          32          32           8          32          32           8
 Input: [Hamiltionian from file: ./data/BlackP/Hqpgw_new.h5]
 Input: [Interaction from file: ./data/BlackP/Vbare_crpa_Felipe.h5]
 Input: [Interaction from file: ./data/BlackP/W_int_tout.h5]

Time [Reading input] =      202 msc
************************ Exciton eigenstates *************************
        8192           3          32          32           8
[WARNING] diagonalize_cg: only 2 out of 5 eigenvectors converged.
 max. residue =   0.15E-07
Only    2 states converged!
E(1) =      0.5063574
E(2) =      0.5289712
E(3) =      0.5298321
E(4) =      0.5613689
E(5) =      0.5637325
**********************************************************************

Time [Wannier equation] =      499 sc

Time [total] =      500 sc
+--------------------------------------------------------------------+
