+--------------------------------------------------------------------+
|                         Wannier excitons                           |
+--------------------------------------------------------------------+
  Calculation started on 2024/03/12 at 13:16:31

          32          32          16          32          32          16
 Input: [Hamiltionian from file: ./data/BlackP/Hqpgw_new.h5]
 Input: [Interaction from file: ./data/BlackP/Vbare_crpa_Felipe.h5]
 Input: [Interaction from file: ./data/BlackP/W_int_tout.h5]

Time [Reading input] =      260 msc
************************ Exciton eigenstates *************************
       16384           3          32          32          16
[WARNING] diagonalize_cg: only 2 out of 5 eigenvectors converged.
 max. residue =   0.37E-09
Only    2 states converged!
E(1) =      0.5062924
E(2) =      0.5297699
E(3) =      0.5310624
E(4) =      0.5421323
E(5) =      0.5421366
**********************************************************************

Time [Wannier equation] =       20 min

Time [total] =       20 min
+--------------------------------------------------------------------+
