+--------------------------------------------------------------------+
|                         Wannier excitons                           |
+--------------------------------------------------------------------+
  Calculation started on 2024/03/27 at 17:02:25

          32          32          32          32          32          32
 Input: [Hamiltionian from file: ./../../DATA/data_excitons/BlackP/Hqpgw_new.h5]
 Input: [Interaction from file: ./../../DATA/data_excitons/BlackP/Vbare_crpa_Felipe.h5]
 Input: [Interaction from file: ./../../DATA/data_excitons/BlackP/W_int_tout.h5]

Time [Reading input] =      140 msc
************************ Exciton eigenstates *************************
       32768           3          32          32          32
 all eigenstates converged!
E(1) =      0.4895743
E(2) =      0.5087477
E(3) =      0.5101710
E(4) =      0.5136721
E(5) =      0.5148989
**********************************************************************

Time [Wannier equation] =      300 sc

Time [total] =      300 sc
+--------------------------------------------------------------------+
