+--------------------------------------------------------------------+
|                         Wannier excitons                           |
+--------------------------------------------------------------------+
  Calculation started on 2024/03/12 at 13:14:39

          32          32          12          32          32          12
 Input: [Hamiltionian from file: ./data/BlackP/Hqpgw_new.h5]
 Input: [Interaction from file: ./data/BlackP/Vbare_crpa_Felipe.h5]
 Input: [Interaction from file: ./data/BlackP/W_int_tout.h5]

Time [Reading input] =      150 msc
************************ Exciton eigenstates *************************
       12288           3          32          32          12
 all eigenstates converged!
E(1) =      0.5064302
E(2) =      0.5299061
E(3) =      0.5299182
E(4) =      0.5643095
E(5) =      0.5644377
**********************************************************************

Time [Wannier equation] =       40 sc

Time [total] =       40 sc
+--------------------------------------------------------------------+
