+--------------------------------------------------------------------+
|                         Wannier excitons                           |
+--------------------------------------------------------------------+
  Calculation started on 2024/03/12 at 13:51:04

          48          48           8          48          48           8
 Input: [Hamiltionian from file: ./data/BlackP/Hqpgw_new.h5]
 Input: [Interaction from file: ./data/BlackP/Vbare_crpa_Felipe.h5]
 Input: [Interaction from file: ./data/BlackP/W_int_tout.h5]

Time [Reading input] =      150 msc
************************ Exciton eigenstates *************************
       18432           3          48          48           8
 all eigenstates converged!
E(1) =      0.5064103
E(2) =      0.5167153
E(3) =      0.5167312
E(4) =      0.5293038
E(5) =      0.5293251
**********************************************************************

Time [Wannier equation] =       30 sc

Time [total] =       30 sc
+--------------------------------------------------------------------+
