+--------------------------------------------------------------------+
|                         Wannier excitons                           |
+--------------------------------------------------------------------+
  Calculation started on 2024/03/12 at 13:53:13

          48          48          12          48          48          12
 Input: [Hamiltionian from file: ./data/BlackP/Hqpgw_new.h5]
 Input: [Interaction from file: ./data/BlackP/Vbare_crpa_Felipe.h5]
 Input: [Interaction from file: ./data/BlackP/W_int_tout.h5]

Time [Reading input] =      151 msc
************************ Exciton eigenstates *************************
       27648           3          48          48          12
[WARNING] diagonalize_cg: only 2 out of 5 eigenvectors converged.
 max. residue =   0.13E-08
Only    2 states converged!
E(1) =      0.5064236
E(2) =      0.5167287
E(3) =      0.5169620
E(4) =      0.5289818
E(5) =      0.5290208
**********************************************************************

Time [Wannier equation] =       32 min

Time [total] =       32 min
+--------------------------------------------------------------------+
