+--------------------------------------------------------------------+
|                         Wannier excitons                           |
+--------------------------------------------------------------------+
  Calculation started on 2024/03/12 at 14:31:16

          48          48          24          48          48          24
 Input: [Hamiltionian from file: ./data/BlackP/Hqpgw_new.h5]
 Input: [Interaction from file: ./data/BlackP/Vbare_crpa_Felipe.h5]
 Input: [Interaction from file: ./data/BlackP/W_int_tout.h5]

Time [Reading input] =      149 msc
************************ Exciton eigenstates *************************
       55296           3          48          48          24
[WARNING] diagonalize_cg: only 4 out of 5 eigenvectors converged.
 max. residue =   0.21E-09
Only    4 states converged!
E(1) =      0.5063138
E(2) =      0.5160484
E(3) =      0.5166207
E(4) =      0.5220560
E(5) =      0.5220593
**********************************************************************

Time [Wannier equation] =       36 min

Time [total] =       36 min
+--------------------------------------------------------------------+
