+--------------------------------------------------------------------+
|                         Wannier excitons                           |
+--------------------------------------------------------------------+
  Calculation started on 2024/04/02 at 13:17:13

          60          60          60          60          60          60
 Input: [Hamiltionian from file: ./../../DATA/data_excitons/BlackP/Hqpgw_new.h5]
 Input: [Interaction from file: ./../../DATA/data_excitons/BlackP/Vbare_crpa_Felipe.h5]
 Input: [Interaction from file: ./../../DATA/data_excitons/BlackP/W_int_tout.h5]

Time [Reading input] =      136 msc
************************ Exciton eigenstates *************************
      216000           3          60          60          60
 all eigenstates converged!
E(1) =      0.4948548
E(2) =      0.5070160
E(3) =      0.5070982
E(4) =      0.5083953
E(5) =      0.5100334
**********************************************************************

Time [Wannier equation] =       79 min

Time [total] =       79 min
+--------------------------------------------------------------------+
