+--------------------------------------------------------------------+
|                         Wannier excitons                           |
+--------------------------------------------------------------------+
  Calculation started on 2024/03/27 at 15:16:42

          64          64          16          64          64          16
 Input: [Hamiltionian from file: ./../../DATA/data_excitons/BlackP/Hqpgw_new.h5]
 Input: [Interaction from file: ./../../DATA/data_excitons/BlackP/Vbare_crpa_Felipe.h5]
 Input: [Interaction from file: ./../../DATA/data_excitons/BlackP/W_int_tout.h5]

Time [Reading input] =      271 msc
************************ Exciton eigenstates *************************
       65536           3          64          64          16
 all eigenstates converged!
E(1) =      0.5064147
E(2) =      0.5121656
E(3) =      0.5121817
E(4) =      0.5186160
E(5) =      0.5186389
**********************************************************************

Time [Wannier equation] =      196 sc

Time [total] =      197 sc
+--------------------------------------------------------------------+
