+--------------------------------------------------------------------+
|                         Wannier excitons                           |
+--------------------------------------------------------------------+
  Calculation started on 2024/03/12 at 16:14:04

          64          64           8          64          64           8
 Input: [Hamiltionian from file: ./data/BlackP/Hqpgw_new.h5]
 Input: [Interaction from file: ./data/BlackP/Vbare_crpa_Felipe.h5]
 Input: [Interaction from file: ./data/BlackP/W_int_tout.h5]

Time [Reading input] =      242 msc
************************ Exciton eigenstates *************************
       32768           3          64          64           8
[WARNING] diagonalize_cg: only 0 out of 5 eigenvectors converged.
 max. residue =   0.28E-07
Only    0 states converged!
E(1) =      0.5041837
E(2) =      0.5076958
E(3) =      0.5099603
E(4) =      0.5147043
E(5) =      0.5164662
**********************************************************************

Time [Wannier equation] =       65 min

Time [total] =       65 min
+--------------------------------------------------------------------+
