+--------------------------------------------------------------------+
|                         Wannier excitons                           |
+--------------------------------------------------------------------+
  Calculation started on 2024/03/28 at 10:42:50

          64          64          48          64          64          48
 Input: [Hamiltionian from file: ./../../DATA/data_excitons/BlackP/Hqpgw_new.h5]
 Input: [Interaction from file: ./../../DATA/data_excitons/BlackP/Vbare_crpa_Felipe.h5]
 Input: [Interaction from file: ./../../DATA/data_excitons/BlackP/W_int_tout.h5]

Time [Reading input] =      217 msc
************************ Exciton eigenstates *************************
      196608           3          64          64          48
 all eigenstates converged!
E(1) =      0.5063941
E(2) =      0.5103224
E(3) =      0.5103358
E(4) =      0.5110098
E(5) =      0.5121611
**********************************************************************

Time [Wannier equation] =      603 sc

Time [total] =      603 sc
+--------------------------------------------------------------------+
