+--------------------------------------------------------------------+
|                         Wannier excitons                           |
+--------------------------------------------------------------------+
  Calculation started on 2024/04/18 at 18:06:21

          64          64          64          64          64          64
 Input: [Hamiltionian from file: ./../../DATA/data_excitons/BlackP/Hqpgw_new.h5]
 Input: [Interaction from file: ./../../DATA/data_excitons/BlackP/Vbare_crpa_Felipe.h5]
 Input: [Interaction from file: ./../../DATA/data_excitons/BlackP/W_int_tout.h5]

Time [Reading input] =      219 msc
************************ Exciton eigenstates *************************
      262144           3          64          64          64
 all eigenstates converged!
E(1) =      0.4949103
E(2) =      0.5069054
E(3) =      0.5069781
E(4) =      0.5082268
**********************************************************************

Time [Wannier equation] =       98 min

Time [total] =       98 min
+--------------------------------------------------------------------+
