+--------------------------------------------------------------------+
|                         Wannier excitons                           |
+--------------------------------------------------------------------+
  Calculation started on 2024/03/05 at 15:12:57

 Input: [Hamiltionian from file: ./data/BlackP/Hqpgw.h5]
 Input: [Interaction from file: ./data/BlackP/Vbare_crpa_Felipe.h5]
 Input: [Interaction from file: ./data/BlackP/W_int_tout.h5]

Time [Reading input] =      150 msc
************************ Exciton eigenstates *************************
 -0.10552730715026958       -1.7550601142684016E-002
   1.0601043291335363E-003   7.6953619690020778E-002
 all eigenstates converged!
E(1) =      0.4688421
E(2) =      0.4711079
E(3) =      0.4711094
E(4) =      0.4732092
E(5) =      0.4732105
**********************************************************************

Time [Wannier equation] =       25 sc

Time [total] =       25 sc
+--------------------------------------------------------------------+
