+--------------------------------------------------------------------+
|                         Wannier excitons                           |
+--------------------------------------------------------------------+
  Calculation started on 2024/03/05 at 15:55:46

 Input: [Hamiltionian from file: ./data/BlackP/Hqpgw.h5]
 Input: [Interaction from file: ./data/BlackP/Vbare_crpa_Felipe.h5]
 Input: [Interaction from file: ./data/BlackP/W_int_tout.h5]

Time [Reading input] =      153 msc
************************ Exciton eigenstates *************************
 -0.10552730715026958       -1.7550601142683968E-002
   1.0601043291335363E-003   8.3651863620814407E-002
 all eigenstates converged!
E(1) =      0.4882132
E(2) =      0.4891443
E(3) =      0.4891490
E(4) =      0.4900435
E(5) =      0.4900636
**********************************************************************

Time [Wannier equation] =      366 sc

Time [total] =      366 sc
+--------------------------------------------------------------------+
