+--------------------------------------------------------------------+
|                         Wannier excitons                           |
+--------------------------------------------------------------------+
  Calculation started on 2024/03/05 at 16:42:32

 Input: [Hamiltionian from file: ./data/BlackP/Hqpgw.h5]
 Input: [Interaction from file: ./data/BlackP/Vbare_crpa_Felipe.h5]
 Input: [Interaction from file: ./data/BlackP/W_int_tout.h5]

Time [Reading input] =      151 msc
************************ Exciton eigenstates *************************
 -0.10552730715026952       -1.7550601142684061E-002
   1.0601043291336727E-003   8.3651863620814254E-002
 all eigenstates converged!
E(1) =      0.4921997
E(2) =      0.4930405
E(3) =      0.4930454
E(4) =      0.4938195
E(5) =      0.4938351
**********************************************************************

Time [Wannier equation] =       18 min

Time [total] =       18 min
+--------------------------------------------------------------------+
