+--------------------------------------------------------------------+
|                         Wannier excitons                           |
+--------------------------------------------------------------------+
  Calculation started on 2024/03/06 at 12:04:16

 Input: [Hamiltionian from file: ./data/BlackP/Hqpgw.h5]
 Input: [Interaction from file: ./data/BlackP/Vbare_crpa_Felipe.h5]
 Input: [Interaction from file: ./data/BlackP/W_int_tout.h5]

Time [Reading input] =      258 msc
************************ Exciton eigenstates *************************
 -0.10552730715026962       -1.7550601142683968E-002
   1.0601043291335363E-003   8.3651863620814476E-002
 all eigenstates converged!
E(1) =      0.4950217
E(2) =      0.4960032
E(3) =      0.4960067
E(4) =      0.4968796
E(5) =      0.4968941
**********************************************************************

Time [Wannier equation] =       56 min

Time [total] =       56 min
+--------------------------------------------------------------------+
